<?xml version="1.0" encoding="UTF-8"?>
<testsuite xmlns:xsi="http://www.w3.org/2001/XMLSchema-instance" xsi:noNamespaceSchemaLocation="https://maven.apache.org/surefire/maven-surefire-plugin/xsd/surefire-test-report-3.0.xsd" version="3.0" name="com.itau.dados_cadastrais.adapter.dynamo.mapper.ConsultarDadosCadastraisMapperTest" time="0.038" tests="2" errors="0" skipped="0" failures="0">
  <properties>
[...]
</properties>
  <testcase name="atualizaMapperModel" classname="com.itau.dados_cadastrais.adapter.dynamo.mapper.ConsultarDadosCadastraisMapperTest" time="0.026"/>
  <testcase name="atualizaMapperEntity" classname="com.itau.dados_cadastrais.adapter.dynamo.mapper.ConsultarDadosCadastraisMapperTest" time="0.006"/>
</testsuite>